<?xml version="1.0" encoding="UTF-8"?>
<!-- Generated by org.testng.reporters.JUnitReportReporter -->
<testsuite hostname="DESKTOP-MOKRNGC" failures="0" tests="1" name="com.acttime.testscript.CreateCustomer" time="0.013" errors="0" timestamp="06 Jun 2023 05:39:48 GMT" skipped="0">
  <testcase classname="com.acttime.testscript.CreateCustomer" name="testCreateCustomer" time="0.013"/>
</testsuite> <!-- com.acttime.testscript.CreateCustomer -->
