<?xml version="1.0" encoding="UTF-8"?>
<!-- Generated by org.testng.reporters.JUnitReportReporter -->
<testsuite hostname="DESKTOP-MOKRNGC" failures="0" tests="1" name="com.acttime.testscript.ReadCsvData" time="0.028" errors="0" timestamp="27 Jun 2023 10:37:14 GMT" skipped="0">
  <testcase classname="com.acttime.testscript.ReadCsvData" name="testReadCsvData" time="0.028"/>
</testsuite> <!-- com.acttime.testscript.ReadCsvData -->
